<?xml version="1.0" encoding="UTF-8"?>
<testsuite xmlns:xsi="http://www.w3.org/2001/XMLSchema-instance" xsi:noNamespaceSchemaLocation="https://maven.apache.org/surefire/maven-surefire-plugin/xsd/surefire-test-report-3.0.xsd" version="3.0" name="flight.FlightSearchTest" time="0.042" tests="19" errors="0" skipped="0" failures="0">
  <properties>
[...]
</properties>
  <testcase name="valid_firstClassAdultsOnly" classname="flight.FlightSearchTest" time="0.017"/>
  <testcase name="invalid_sameAirport" classname="flight.FlightSearchTest" time="0.0"/>
  <testcase name="invalid_nonexistentDate" classname="flight.FlightSearchTest" time="0.0"/>
  <testcase name="valid_familyEconomyNonEmergency" classname="flight.FlightSearchTest" time="0.0"/>
  <testcase name="invalid_totalAboveMax" classname="flight.FlightSearchTest" time="0.0"/>
  <testcase name="invalid_totalBelowMin" classname="flight.FlightSearchTest" time="0.0"/>
  <testcase name="invalid_airportUnsupported" classname="flight.FlightSearchTest" time="0.0"/>
  <testcase name="invalid_infantInExitRow" classname="flight.FlightSearchTest" time="0.0"/>
  <testcase name="invalid_returnBeforeDeparture" classname="flight.FlightSearchTest" time="0.0"/>
  <testcase name="invalid_childInFirstClass" classname="flight.FlightSearchTest" time="0.001"/>
  <testcase name="invalid_unsupportedClass" classname="flight.FlightSearchTest" time="0.001"/>
  <testcase name="valid_premiumEconomySingleAdult" classname="flight.FlightSearchTest" time="0.0"/>
  <testcase name="children_more_than_two_per_adult_is_rejected" classname="flight.FlightSearchTest" time="0.0"/>
  <testcase name="more_than_one_infant_per_adult_is_rejected" classname="flight.FlightSearchTest" time="0.001"/>
  <testcase name="invalid_infantInBusiness" classname="flight.FlightSearchTest" time="0.001"/>
  <testcase name="economy_adults_only_can_use_exit_row" classname="flight.FlightSearchTest" time="0.0"/>
  <testcase name="invalid_exitRowNonEconomy" classname="flight.FlightSearchTest" time="0.001"/>
  <testcase name="invalid_departureInPast" classname="flight.FlightSearchTest" time="0.0"/>
  <testcase name="invalid_childInExitRow" classname="flight.FlightSearchTest" time="0.0"/>
</testsuite>